#
# There is insufficient memory for the Java Runtime Environment to continue.
# Native memory allocation (mmap) failed to map 158334976 bytes for committing reserved memory.
# Possible reasons:
#   The system is out of physical RAM or swap space
#   In 32 bit mode, the process size limit was hit
# Possible solutions:
#   Reduce memory load on the system
#   Increase physical memory or swap space
#   Check if swap backing store is full
#   Use 64 bit Java on a 64 bit OS
#   Decrease Java heap size (-Xmx/-Xms)
#   Decrease number of Java threads
#   Decrease Java thread stack sizes (-Xss)
#   Set larger code cache with -XX:ReservedCodeCacheSize=
# This output file may be truncated or incomplete.
#
#  Out of Memory Error (os_linux.cpp:2627), pid=18361, tid=140173033592576
#
# JRE version: Java(TM) SE Runtime Environment (8.0_77-b03) (build 1.8.0_77-b03)
# Java VM: Java HotSpot(TM) 64-Bit Server VM (25.77-b03 mixed mode linux-amd64 compressed oops)
# Failed to write core dump. Core dumps have been disabled. To enable core dumping, try "ulimit -c unlimited" before starting Java again
#

---------------  T H R E A D  ---------------

Current thread (0x00007f7cb8078000):  VMThread [stack: 0x00007f7c93cfd000,0x00007f7c93dfe000] [id=18371]

Stack: [0x00007f7c93cfd000,0x00007f7c93dfe000],  sp=0x00007f7c93dfc060,  free space=1020k
Native frames: (J=compiled Java code, j=interpreted, Vv=VM code, C=native code)
V  [libjvm.so+0xaba7ea]  VMError::report_and_die()+0x2ba
V  [libjvm.so+0x4f9e3b]  report_vm_out_of_memory(char const*, int, unsigned long, VMErrorType, char const*)+0x8b
V  [libjvm.so+0x91b613]  os::Linux::commit_memory_impl(char*, unsigned long, bool)+0x103
V  [libjvm.so+0x91bb69]  os::pd_commit_memory(char*, unsigned long, unsigned long, bool)+0x29
V  [libjvm.so+0x915e6a]  os::commit_memory(char*, unsigned long, unsigned long, bool)+0x2a
V  [libjvm.so+0x989543]  PSVirtualSpace::expand_by(unsigned long)+0x53
V  [libjvm.so+0x98a948]  PSYoungGen::resize_generation(unsigned long, unsigned long)+0xf8
V  [libjvm.so+0x989aa2]  PSYoungGen::resize(unsigned long, unsigned long)+0x22
V  [libjvm.so+0x986d7b]  PSScavenge::invoke_no_policy()+0xf3b
V  [libjvm.so+0x987501]  PSScavenge::invoke()+0x41
V  [libjvm.so+0x93f300]  ParallelScavengeHeap::failed_mem_allocate(unsigned long)+0x70
V  [libjvm.so+0xabc207]  VM_ParallelGCFailedAllocation::doit()+0x97
V  [libjvm.so+0xac3c35]  VM_Operation::evaluate()+0x55
V  [libjvm.so+0xac200a]  VMThread::evaluate_operation(VM_Operation*)+0xba
V  [libjvm.so+0xac238e]  VMThread::loop()+0x1ce
V  [libjvm.so+0xac2800]  VMThread::run()+0x70
V  [libjvm.so+0x91d9d8]  java_start(Thread*)+0x108

VM_Operation (0x00007f7cbf4ab650): ParallelGCFailedAllocation, mode: safepoint, requested by thread 0x00007f7cb800a000


---------------  P R O C E S S  ---------------

Java Threads: ( => current thread )
  0x00007f7cb80c1000 JavaThread "Service Thread" daemon [_thread_blocked, id=18378, stack(0x00007f7c9332b000,0x00007f7c9342c000)]
  0x00007f7cb80be000 JavaThread "C1 CompilerThread2" daemon [_thread_blocked, id=18377, stack(0x00007f7c9342c000,0x00007f7c9352d000)]
  0x00007f7cb80bc000 JavaThread "C2 CompilerThread1" daemon [_thread_blocked, id=18376, stack(0x00007f7c9352d000,0x00007f7c9362e000)]
  0x00007f7cb80b9800 JavaThread "C2 CompilerThread0" daemon [_thread_blocked, id=18375, stack(0x00007f7c9362e000,0x00007f7c9372f000)]
  0x00007f7cb80b8000 JavaThread "Signal Dispatcher" daemon [_thread_blocked, id=18374, stack(0x00007f7c9372f000,0x00007f7c93830000)]
  0x00007f7cb8084000 JavaThread "Finalizer" daemon [_thread_blocked, id=18373, stack(0x00007f7c93afb000,0x00007f7c93bfc000)]
  0x00007f7cb807f800 JavaThread "Reference Handler" daemon [_thread_blocked, id=18372, stack(0x00007f7c93bfc000,0x00007f7c93cfd000)]
  0x00007f7cb800a000 JavaThread "main" [_thread_blocked, id=18363, stack(0x00007f7cbf3ae000,0x00007f7cbf4af000)]

Other Threads:
=>0x00007f7cb8078000 VMThread [stack: 0x00007f7c93cfd000,0x00007f7c93dfe000] [id=18371]
  0x00007f7cb80c4000 WatcherThread [stack: 0x00007f7c9322a000,0x00007f7c9332b000] [id=18379]

VM state:at safepoint (normal execution)

VM Mutex/Monitor currently owned by a thread:  ([mutex/lock_event])
[0x00007f7cb80064a0] Threads_lock - owner thread: 0x00007f7cb8078000
[0x00007f7cb80069a0] Heap_lock - owner thread: 0x00007f7cb800a000

Heap:
 PSYoungGen      total 205312K, used 12773K [0x00000000e1a00000, 0x00000000eef00000, 0x0000000100000000)
  eden space 192512K, 0% used [0x00000000e1a00000,0x00000000e1a00000,0x00000000ed600000)
  from space 12800K, 99% used [0x00000000ed600000,0x00000000ee2794c0,0x00000000ee280000)
  to   space 12288K, 0% used [0x00000000ee300000,0x00000000ee300000,0x00000000eef00000)
 ParOldGen       total 64000K, used 40644K [0x00000000a4e00000, 0x00000000a8c80000, 0x00000000e1a00000)
  object space 64000K, 63% used [0x00000000a4e00000,0x00000000a75b11f0,0x00000000a8c80000)
 Metaspace       used 27258K, capacity 27928K, committed 28288K, reserved 1075200K
  class space    used 3153K, capacity 3330K, committed 3456K, reserved 1048576K

Card table byte_map: [0x00007f7ca8d26000,0x00007f7ca9000000] byte_map_base: 0x00007f7ca87ff000

Marking Bits: (ParMarkBitMap*) 0x00007f7cbe88d100
 Begin Bits: [0x00007f7c99270000, 0x00007f7c9a938000)
 End Bits:   [0x00007f7c9a938000, 0x00007f7c9c000000)

Polling page: 0x00007f7cbf4d5000

CodeCache: size=245760Kb used=18517Kb max_used=18541Kb free=227242Kb
 bounds [0x00007f7ca9000000, 0x00007f7caa250000, 0x00007f7cb8000000]
 total_blobs=5922 nmethods=5504 adapters=331
 compilation: enabled

Compilation events (10 events):
Event: 16,357 Thread 0x00007f7cb80be000 6054       3       java.util.Collections$EmptyList::iterator (4 bytes)
Event: 16,357 Thread 0x00007f7cb80be000 nmethod 6054 0x00007f7ca974aa90 code [0x00007f7ca974ac00, 0x00007f7ca974adb0]
Event: 16,357 Thread 0x00007f7cb80be000 6055       3       java.util.WeakHashMap::<init> (133 bytes)
Event: 16,359 Thread 0x00007f7cb80be000 nmethod 6055 0x00007f7ca99256d0 code [0x00007f7ca99259c0, 0x00007f7ca9927108]
Event: 16,359 Thread 0x00007f7cb80bc000 nmethod 6052 0x00007f7ca9924f50 code [0x00007f7ca99250c0, 0x00007f7ca9925418]
Event: 16,359 Thread 0x00007f7cb80be000 6056       3       java.util.WeakHashMap::<init> (9 bytes)
Event: 16,359 Thread 0x00007f7cb80be000 nmethod 6056 0x00007f7ca974a610 code [0x00007f7ca974a7a0, 0x00007f7ca974a948]
Event: 17,719 Thread 0x00007f7cb80be000 6057       3       java.util.jar.JarFile::getManEntry (83 bytes)
Event: 17,720 Thread 0x00007f7cb80be000 nmethod 6057 0x00007f7ca9924090 code [0x00007f7ca9924280, 0x00007f7ca9924cc8]
Event: 17,721 Thread 0x00007f7cb80b9800 6058 % !   4       java.util.jar.Attributes::read @ 8 (410 bytes)

GC Heap History (10 events):
Event: 2,963 GC heap after
Heap after GC invocations=3 (full 0):
 PSYoungGen      total 51712K, used 3568K [0x00000000e1a00000, 0x00000000e7f00000, 0x0000000100000000)
  eden space 48128K, 0% used [0x00000000e1a00000,0x00000000e1a00000,0x00000000e4900000)
  from space 3584K, 99% used [0x00000000e4900000,0x00000000e4c7c030,0x00000000e4c80000)
  to   space 3584K, 0% used [0x00000000e7b80000,0x00000000e7b80000,0x00000000e7f00000)
 ParOldGen       total 62976K, used 8433K [0x00000000a4e00000, 0x00000000a8b80000, 0x00000000e1a00000)
  object space 62976K, 13% used [0x00000000a4e00000,0x00000000a563c5b8,0x00000000a8b80000)
 Metaspace       used 14272K, capacity 14518K, committed 14720K, reserved 1062912K
  class space    used 1750K, capacity 1845K, committed 1920K, reserved 1048576K
}
Event: 4,577 GC heap before
{Heap before GC invocations=4 (full 0):
 PSYoungGen      total 51712K, used 51696K [0x00000000e1a00000, 0x00000000e7f00000, 0x0000000100000000)
  eden space 48128K, 100% used [0x00000000e1a00000,0x00000000e4900000,0x00000000e4900000)
  from space 3584K, 99% used [0x00000000e4900000,0x00000000e4c7c030,0x00000000e4c80000)
  to   space 3584K, 0% used [0x00000000e7b80000,0x00000000e7b80000,0x00000000e7f00000)
 ParOldGen       total 62976K, used 8433K [0x00000000a4e00000, 0x00000000a8b80000, 0x00000000e1a00000)
  object space 62976K, 13% used [0x00000000a4e00000,0x00000000a563c5b8,0x00000000a8b80000)
 Metaspace       used 14950K, capacity 15176K, committed 15232K, reserved 1062912K
  class space    used 1802K, capacity 1912K, committed 1920K, reserved 1048576K
Event: 4,605 GC heap after
Heap after GC invocations=4 (full 0):
 PSYoungGen      total 99840K, used 3552K [0x00000000e1a00000, 0x00000000e7f00000, 0x0000000100000000)
  eden space 96256K, 0% used [0x00000000e1a00000,0x00000000e1a00000,0x00000000e7800000)
  from space 3584K, 99% used [0x00000000e7b80000,0x00000000e7ef8040,0x00000000e7f00000)
  to   space 3584K, 0% used [0x00000000e7800000,0x00000000e7800000,0x00000000e7b80000)
 ParOldGen       total 62976K, used 13798K [0x00000000a4e00000, 0x00000000a8b80000, 0x00000000e1a00000)
  object space 62976K, 21% used [0x00000000a4e00000,0x00000000a5b79ba0,0x00000000a8b80000)
 Metaspace       used 14950K, capacity 15176K, committed 15232K, reserved 1062912K
  class space    used 1802K, capacity 1912K, committed 1920K, reserved 1048576K
}
Event: 7,603 GC heap before
{Heap before GC invocations=5 (full 0):
 PSYoungGen      total 99840K, used 99808K [0x00000000e1a00000, 0x00000000e7f00000, 0x0000000100000000)
  eden space 96256K, 100% used [0x00000000e1a00000,0x00000000e7800000,0x00000000e7800000)
  from space 3584K, 99% used [0x00000000e7b80000,0x00000000e7ef8040,0x00000000e7f00000)
  to   space 3584K, 0% used [0x00000000e7800000,0x00000000e7800000,0x00000000e7b80000)
 ParOldGen       total 62976K, used 13798K [0x00000000a4e00000, 0x00000000a8b80000, 0x00000000e1a00000)
  object space 62976K, 21% used [0x00000000a4e00000,0x00000000a5b79ba0,0x00000000a8b80000)
 Metaspace       used 16558K, capacity 17044K, committed 17280K, reserved 1064960K
  class space    used 1941K, capacity 2062K, committed 2176K, reserved 1048576K
Event: 7,659 GC heap after
Heap after GC invocations=5 (full 0):
 PSYoungGen      total 99840K, used 3568K [0x00000000e1a00000, 0x00000000ef000000, 0x0000000100000000)
  eden space 96256K, 0% used [0x00000000e1a00000,0x00000000e1a00000,0x00000000e7800000)
  from space 3584K, 99% used [0x00000000e7800000,0x00000000e7b7c030,0x00000000e7b80000)
  to   space 13312K, 0% used [0x00000000ee300000,0x00000000ee300000,0x00000000ef000000)
 ParOldGen       total 62976K, used 20842K [0x00000000a4e00000, 0x00000000a8b80000, 0x00000000e1a00000)
  object space 62976K, 33% used [0x00000000a4e00000,0x00000000a625ab78,0x00000000a8b80000)
 Metaspace       used 16558K, capacity 17044K, committed 17280K, reserved 1064960K
  class space    used 1941K, capacity 2062K, committed 2176K, reserved 1048576K
}
Event: 8,816 GC heap before
{Heap before GC invocations=6 (full 0):
 PSYoungGen      total 99840K, used 50599K [0x00000000e1a00000, 0x00000000ef000000, 0x0000000100000000)
  eden space 96256K, 48% used [0x00000000e1a00000,0x00000000e47edc00,0x00000000e7800000)
  from space 3584K, 99% used [0x00000000e7800000,0x00000000e7b7c030,0x00000000e7b80000)
  to   space 13312K, 0% used [0x00000000ee300000,0x00000000ee300000,0x00000000ef000000)
 ParOldGen       total 62976K, used 20842K [0x00000000a4e00000, 0x00000000a8b80000, 0x00000000e1a00000)
  object space 62976K, 33% used [0x00000000a4e00000,0x00000000a625ab78,0x00000000a8b80000)
 Metaspace       used 20655K, capacity 21128K, committed 21296K, reserved 1069056K
  class space    used 2476K, capacity 2614K, committed 2688K, reserved 1048576K
Event: 8,867 GC heap after
Heap after GC invocations=6 (full 0):
 PSYoungGen      total 204800K, used 6839K [0x00000000e1a00000, 0x00000000eef00000, 0x0000000100000000)
  eden space 192512K, 0% used [0x00000000e1a00000,0x00000000e1a00000,0x00000000ed600000)
  from space 12288K, 55% used [0x00000000ee300000,0x00000000ee9adc28,0x00000000eef00000)
  to   space 12800K, 0% used [0x00000000ed600000,0x00000000ed600000,0x00000000ee280000)
 ParOldGen       total 62976K, used 20842K [0x00000000a4e00000, 0x00000000a8b80000, 0x00000000e1a00000)
  object space 62976K, 33% used [0x00000000a4e00000,0x00000000a625ab78,0x00000000a8b80000)
 Metaspace       used 20655K, capacity 21128K, committed 21296K, reserved 1069056K
  class space    used 2476K, capacity 2614K, committed 2688K, reserved 1048576K
}
Event: 8,867 GC heap before
{Heap before GC invocations=7 (full 1):
 PSYoungGen      total 204800K, used 6839K [0x00000000e1a00000, 0x00000000eef00000, 0x0000000100000000)
  eden space 192512K, 0% used [0x00000000e1a00000,0x00000000e1a00000,0x00000000ed600000)
  from space 12288K, 55% used [0x00000000ee300000,0x00000000ee9adc28,0x00000000eef00000)
  to   space 12800K, 0% used [0x00000000ed600000,0x00000000ed600000,0x00000000ee280000)
 ParOldGen       total 62976K, used 20842K [0x00000000a4e00000, 0x00000000a8b80000, 0x00000000e1a00000)
  object space 62976K, 33% used [0x00000000a4e00000,0x00000000a625ab78,0x00000000a8b80000)
 Metaspace       used 20655K, capacity 21128K, committed 21296K, reserved 1069056K
  class space    used 2476K, capacity 2614K, committed 2688K, reserved 1048576K
Event: 9,065 GC heap after
Heap after GC invocations=7 (full 1):
 PSYoungGen      total 204800K, used 0K [0x00000000e1a00000, 0x00000000eef00000, 0x0000000100000000)
  eden space 192512K, 0% used [0x00000000e1a00000,0x00000000e1a00000,0x00000000ed600000)
  from space 12288K, 0% used [0x00000000ee300000,0x00000000ee300000,0x00000000eef00000)
  to   space 12800K, 0% used [0x00000000ed600000,0x00000000ed600000,0x00000000ee280000)
 ParOldGen       total 64000K, used 18696K [0x00000000a4e00000, 0x00000000a8c80000, 0x00000000e1a00000)
  object space 64000K, 29% used [0x00000000a4e00000,0x00000000a60420e0,0x00000000a8c80000)
 Metaspace       used 20655K, capacity 21128K, committed 21296K, reserved 1069056K
  class space    used 2476K, capacity 2614K, committed 2688K, reserved 1048576K
}
Event: 17,722 GC heap before
{Heap before GC invocations=8 (full 1):
 PSYoungGen      total 204800K, used 192512K [0x00000000e1a00000, 0x00000000eef00000, 0x0000000100000000)
  eden space 192512K, 100% used [0x00000000e1a00000,0x00000000ed600000,0x00000000ed600000)
  from space 12288K, 0% used [0x00000000ee300000,0x00000000ee300000,0x00000000eef00000)
  to   space 12800K, 0% used [0x00000000ed600000,0x00000000ed600000,0x00000000ee280000)
 ParOldGen       total 64000K, used 18696K [0x00000000a4e00000, 0x00000000a8c80000, 0x00000000e1a00000)
  object space 64000K, 29% used [0x00000000a4e00000,0x00000000a60420e0,0x00000000a8c80000)
 Metaspace       used 27258K, capacity 27928K, committed 28288K, reserved 1075200K
  class space    used 3153K, capacity 3330K, committed 3456K, reserved 1048576K

Deoptimization events (10 events):
Event: 14,923 Thread 0x00007f7cb800a000 Uncommon trap: reason=predicate action=maybe_recompile pc=0x00007f7caa0d448c method=com.sun.tools.javac.code.Type.containsAny(Lcom/sun/tools/javac/util/List;)Z @ 14
Event: 15,208 Thread 0x00007f7cb800a000 Uncommon trap: reason=unstable_if action=reinterpret pc=0x00007f7caa148190 method=com.sun.tools.javac.code.Types.capture(Lcom/sun/tools/javac/code/Type;)Lcom/sun/tools/javac/code/Type; @ 19
Event: 15,210 Thread 0x00007f7cb800a000 Uncommon trap: reason=class_check action=maybe_recompile pc=0x00007f7ca9e27e30 method=com.sun.tools.javac.code.Type$ClassType.allparams()Lcom/sun/tools/javac/util/List; @ 16
Event: 15,210 Thread 0x00007f7cb800a000 Uncommon trap: reason=class_check action=maybe_recompile pc=0x00007f7ca9e27e30 method=com.sun.tools.javac.code.Type$ClassType.allparams()Lcom/sun/tools/javac/util/List; @ 16
Event: 15,211 Thread 0x00007f7cb800a000 Uncommon trap: reason=class_check action=maybe_recompile pc=0x00007f7ca9e27e30 method=com.sun.tools.javac.code.Type$ClassType.allparams()Lcom/sun/tools/javac/util/List; @ 16
Event: 15,211 Thread 0x00007f7cb800a000 Uncommon trap: reason=class_check action=maybe_recompile pc=0x00007f7ca9ffd240 method=com.sun.tools.javac.code.Type$ClassType.allparams()Lcom/sun/tools/javac/util/List; @ 16
Event: 15,212 Thread 0x00007f7cb800a000 Uncommon trap: reason=class_check action=maybe_recompile pc=0x00007f7ca9e27e30 method=com.sun.tools.javac.code.Type$ClassType.allparams()Lcom/sun/tools/javac/util/List; @ 16
Event: 15,244 Thread 0x00007f7cb800a000 Uncommon trap: reason=predicate action=maybe_recompile pc=0x00007f7caa1b4f28 method=com.sun.tools.javac.code.Type.containsAny(Lcom/sun/tools/javac/util/List;)Z @ 14
Event: 15,534 Thread 0x00007f7cb800a000 Uncommon trap: reason=unstable_if action=reinterpret pc=0x00007f7caa21462c method=com.sun.tools.javac.comp.Attr.visitIdent(Lcom/sun/tools/javac/tree/JCTree$JCIdent;)V @ 23
Event: 16,151 Thread 0x00007f7cb800a000 Uncommon trap: reason=unstable_if action=reinterpret pc=0x00007f7ca9ef6028 method=com.sun.tools.javac.file.Locations.lazy()V @ 4

Internal exceptions (10 events):
Event: 12,286 Thread 0x00007f7cb800a000 Exception <a 'java/lang/ClassNotFoundException': org/mapstruct/ap/internal/model/NestedPropertyMappingMethod$SafePropertyEntryCustomizer> (0x00000000e6247eb0) thrown at [/HUDSON/workspace/8-2-build-linux-amd64/jdk8u77/6540/hotspot/src/share/vm/classfile/s
Event: 12,502 Thread 0x00007f7cb800a000 Exception <a 'java/lang/ClassNotFoundException': java/util/Collections$SingletonListBeanInfo> (0x00000000e6612fb0) thrown at [/HUDSON/workspace/8-2-build-linux-amd64/jdk8u77/6540/hotspot/src/share/vm/classfile/systemDictionary.cpp, line 210]
Event: 12,503 Thread 0x00007f7cb800a000 Exception <a 'java/lang/ClassNotFoundException': java/util/Collections$SingletonListCustomizer> (0x00000000e6619e08) thrown at [/HUDSON/workspace/8-2-build-linux-amd64/jdk8u77/6540/hotspot/src/share/vm/classfile/systemDictionary.cpp, line 210]
Event: 12,506 Thread 0x00007f7cb800a000 Exception <a 'java/lang/ClassNotFoundException': java/util/Collections$1BeanInfo> (0x00000000e6640d78) thrown at [/HUDSON/workspace/8-2-build-linux-amd64/jdk8u77/6540/hotspot/src/share/vm/classfile/systemDictionary.cpp, line 210]
Event: 12,506 Thread 0x00007f7cb800a000 Exception <a 'java/lang/ClassNotFoundException': java/util/Collections$1Customizer> (0x00000000e66468a8) thrown at [/HUDSON/workspace/8-2-build-linux-amd64/jdk8u77/6540/hotspot/src/share/vm/classfile/systemDictionary.cpp, line 210]
Event: 12,541 Thread 0x00007f7cb800a000 Exception <a 'java/lang/ClassNotFoundException': org/mapstruct/ap/internal/model/assignment/SetterWrapperForCollectionsAndMapsBeanInfo> (0x00000000e6696f08) thrown at [/HUDSON/workspace/8-2-build-linux-amd64/jdk8u77/6540/hotspot/src/share/vm/classfile/sys
Event: 12,543 Thread 0x00007f7cb800a000 Exception <a 'java/lang/ClassNotFoundException': org/mapstruct/ap/internal/model/assignment/SetterWrapperForCollectionsAndMapsCustomizer> (0x00000000e66a2ab0) thrown at [/HUDSON/workspace/8-2-build-linux-amd64/jdk8u77/6540/hotspot/src/share/vm/classfile/s
Event: 12,555 Thread 0x00007f7cb800a000 Exception <a 'java/lang/ClassNotFoundException': org/mapstruct/ap/internal/model/DefaultMapperReferenceBeanInfo> (0x00000000e6705a68) thrown at [/HUDSON/workspace/8-2-build-linux-amd64/jdk8u77/6540/hotspot/src/share/vm/classfile/systemDictionary.cpp, line
Event: 12,556 Thread 0x00007f7cb800a000 Exception <a 'java/lang/ClassNotFoundException': org/mapstruct/ap/internal/model/DefaultMapperReferenceCustomizer> (0x00000000e6713558) thrown at [/HUDSON/workspace/8-2-build-linux-amd64/jdk8u77/6540/hotspot/src/share/vm/classfile/systemDictionary.cpp, li
Event: 12,781 Thread 0x00007f7cb800a000 Implicit null exception at 0x00007f7ca9cc1e4f to 0x00007f7ca9cc1f65

Events (10 events):
Event: 16,151 Thread 0x00007f7cb800a000 DEOPT UNPACKING pc=0x00007f7ca9005229 sp=0x00007f7cbf4abe58 mode 2
Event: 17,720 Thread 0x00007f7cb80be000 flushing nmethod 0x00007f7ca9132750
Event: 17,720 Thread 0x00007f7cb80be000 flushing nmethod 0x00007f7ca913d790
Event: 17,720 Thread 0x00007f7cb80be000 flushing nmethod 0x00007f7ca913e1d0
Event: 17,720 Thread 0x00007f7cb80be000 flushing nmethod 0x00007f7ca9158310
Event: 17,720 Thread 0x00007f7cb80be000 flushing nmethod 0x00007f7ca915e910
Event: 17,720 Thread 0x00007f7cb80be000 flushing nmethod 0x00007f7ca9160450
Event: 17,720 Thread 0x00007f7cb80be000 flushing nmethod 0x00007f7ca9160ad0
Event: 17,720 Thread 0x00007f7cb80be000 flushing nmethod 0x00007f7ca91be050
Event: 17,722 Executing VM operation: ParallelGCFailedAllocation


Dynamic libraries:
00400000-00401000 r-xp 00000000 08:03 3555986                            /usr/lib/jvm/java-8-oracle/bin/java
00600000-00601000 rw-p 00000000 08:03 3555986                            /usr/lib/jvm/java-8-oracle/bin/java
014f6000-01517000 rw-p 00000000 00:00 0                                  [heap]
a4e00000-a8c80000 rw-p 00000000 00:00 0 
a8c80000-e1a00000 ---p 00000000 00:00 0 
e1a00000-eef00000 rw-p 00000000 00:00 0 
f8600000-100000000 ---p 00000000 00:00 0 
100000000-100360000 rw-p 00000000 00:00 0 
100360000-140000000 ---p 00000000 00:00 0 
7f7c6c000000-7f7c6c021000 rw-p 00000000 00:00 0 
7f7c6c021000-7f7c70000000 ---p 00000000 00:00 0 
7f7c70000000-7f7c70021000 rw-p 00000000 00:00 0 
7f7c70021000-7f7c74000000 ---p 00000000 00:00 0 
7f7c74000000-7f7c763b3000 rw-p 00000000 00:00 0 
7f7c763b3000-7f7c78000000 ---p 00000000 00:00 0 
7f7c78000000-7f7c78ee9000 rw-p 00000000 00:00 0 
7f7c78ee9000-7f7c7c000000 ---p 00000000 00:00 0 
7f7c7c000000-7f7c7c021000 rw-p 00000000 00:00 0 
7f7c7c021000-7f7c80000000 ---p 00000000 00:00 0 
7f7c80000000-7f7c81a45000 rw-p 00000000 00:00 0 
7f7c81a45000-7f7c84000000 ---p 00000000 00:00 0 
7f7c84000000-7f7c84021000 rw-p 00000000 00:00 0 
7f7c84021000-7f7c88000000 ---p 00000000 00:00 0 
7f7c88000000-7f7c88021000 rw-p 00000000 00:00 0 
7f7c88021000-7f7c8c000000 ---p 00000000 00:00 0 
7f7c8c000000-7f7c8c28c000 rw-p 00000000 00:00 0 
7f7c8c28c000-7f7c90000000 ---p 00000000 00:00 0 
7f7c919f8000-7f7c91a38000 rw-p 00000000 00:00 0 
7f7c91a38000-7f7c91bf8000 ---p 00000000 00:00 0 
7f7c91bf8000-7f7c91df8000 rw-p 00000000 00:00 0 
7f7c91df8000-7f7c91ff8000 rw-p 00000000 00:00 0 
7f7c91ff8000-7f7c91ffa000 r--s 00000000 08:03 4372737                    /home/geovane/.m2/repository/org/codehaus/plexus/plexus-compiler-manager/2.7/plexus-compiler-manager-2.7.jar
7f7c91ffa000-7f7c91ffc000 r--s 00005000 08:03 4372735                    /home/geovane/.m2/repository/org/codehaus/plexus/plexus-compiler-api/2.7/plexus-compiler-api-2.7.jar
7f7c91ffc000-7f7c91ffe000 r--s 00002000 08:03 3436816                    /home/geovane/.m2/repository/org/apache/maven/shared/maven-shared-incremental/1.1/maven-shared-incremental-1.1.jar
7f7c91ffe000-7f7c92000000 r--s 00006000 08:03 3436810                    /home/geovane/.m2/repository/com/google/code/findbugs/jsr305/2.0.1/jsr305-2.0.1.jar
7f7c92000000-7f7c92004000 r--s 0002a000 08:03 3175978                    /home/geovane/.m2/repository/commons-io/commons-io/2.4/commons-io-2.4.jar
7f7c92004000-7f7c92007000 r--s 00023000 08:03 5010879                    /home/geovane/.m2/repository/org/apache/maven/shared/maven-shared-utils/3.0.0/maven-shared-utils-3.0.0.jar
7f7c92007000-7f7c92009000 r--s 00002000 08:03 3435944                    /home/geovane/.m2/repository/org/sonatype/plexus/plexus-cipher/1.4/plexus-cipher-1.4.jar
7f7c92009000-7f7c9200a000 r--s 00006000 08:03 3435943                    /home/geovane/.m2/repository/org/sonatype/plexus/plexus-sec-dispatcher/1.3/plexus-sec-dispatcher-1.3.jar
7f7c9200a000-7f7c9200c000 r--s 00000000 08:03 3435956                    /home/geovane/.m2/repository/org/codehaus/plexus/plexus-component-annotations/1.5.5/plexus-component-annotations-1.5.5.jar
7f7c9200c000-7f7c9200e000 r--s 0000d000 08:03 3436559                    /home/geovane/.m2/repository/org/codehaus/plexus/plexus-interpolation/1.14/plexus-interpolation-1.14.jar
7f7c9200e000-7f7c92012000 r--s 00017000 08:03 4876668                    /home/geovane/.m2/repository/org/sonatype/aether/aether-util/1.7/aether-util-1.7.jar
7f7c92012000-7f7c92016000 r--s 00033000 08:03 3413513                    /home/geovane/.m2/repository/org/codehaus/plexus/plexus-utils/2.0.4/plexus-utils-2.0.4.jar
7f7c9209e000-7f7c9229e000 rw-p 00000000 00:00 0 
7f7c922bb000-7f7c922c6000 r--s 00069000 08:03 3437213                    /home/geovane/.m2/repository/org/sonatype/sisu/sisu-guice/2.1.7/sisu-guice-2.1.7-noaop.jar
7f7c922c6000-7f7c922cb000 r--s 00021000 08:03 3437212                    /home/geovane/.m2/repository/org/sonatype/sisu/sisu-inject-bean/1.4.2/sisu-inject-bean-1.4.2.jar
7f7c922cb000-7f7c922cd000 r--s 0000b000 08:03 4371346                    /home/geovane/.m2/repository/org/apache/maven/plugins/maven-compiler-plugin/3.5.1/maven-compiler-plugin-3.5.1.jar
7f7c922cf000-7f7c922d0000 rw-p 00000000 00:00 0 
7f7c922d0000-7f7c922d7000 r--s 000b1000 08:03 4165507                    /home/geovane/.m2/repository/org/webjars/bootstrap/3.3.7-1/bootstrap-3.3.7-1.jar
7f7c922d7000-7f7c922e9000 r--s 00345000 08:03 10950                      /usr/lib/jvm/java-8-oracle/jre/lib/resources.jar
7f7c922e9000-7f7c924e9000 rw-p 00000000 00:00 0 
7f7c924e9000-7f7c92562000 r--s 010e3000 08:03 3554937                    /usr/lib/jvm/java-8-oracle/lib/tools.jar
7f7c92562000-7f7c92563000 r--s 00004000 08:03 4372740                    /home/geovane/.m2/repository/org/codehaus/plexus/plexus-compiler-javac/2.7/plexus-compiler-javac-2.7.jar
7f7c92563000-7f7c92763000 rw-p 00000000 00:00 0 
7f7c92763000-7f7c92765000 r--s 0000d000 08:03 3436684                    /home/geovane/.m2/repository/org/codehaus/plexus/plexus-interpolation/1.13/plexus-interpolation-1.13.jar
7f7c92765000-7f7c92766000 r--s 00001000 08:03 3436682                    /home/geovane/.m2/repository/org/sonatype/plexus/plexus-build-api/0.0.4/plexus-build-api-0.0.4.jar
7f7c92766000-7f7c92768000 r--s 00009000 08:03 3176215                    /home/geovane/.m2/repository/org/apache/maven/shared/maven-filtering/1.1/maven-filtering-1.1.jar
7f7c92768000-7f7c9276c000 r--s 00033000 08:03 3436675                    /home/geovane/.m2/repository/org/codehaus/plexus/plexus-utils/2.0.5/plexus-utils-2.0.5.jar
7f7c9276c000-7f7c9276f000 r--s 0001b000 08:03 3436674                    /home/geovane/.m2/repository/junit/junit/3.8.1/junit-3.8.1.jar
7f7c9276f000-7f7c92771000 r--s 00002000 08:03 3435938                    /home/geovane/.m2/repository/org/codehaus/plexus/plexus-interactivity-api/1.0-alpha-4/plexus-interactivity-api-1.0-alpha-4.jar
7f7c92771000-7f7c92773000 r--s 00006000 08:03 3436676                    /home/geovane/.m2/repository/commons-cli/commons-cli/1.0/commons-cli-1.0.jar
7f7c92773000-7f7c92774000 r--s 00001000 08:03 3436673                    /home/geovane/.m2/repository/org/apache/maven/doxia/doxia-sink-api/1.0-alpha-7/doxia-sink-api-1.0-alpha-7.jar
7f7c92774000-7f7c92775000 r--s 00002000 08:03 3436677                    /home/geovane/.m2/repository/org/apache/maven/reporting/maven-reporting-api/2.0.6/maven-reporting-api-2.0.6.jar
7f7c92775000-7f7c92777000 r--s 00006000 08:03 3174942                    /home/geovane/.m2/repository/org/apache/maven/plugins/maven-resources-plugin/2.6/maven-resources-plugin-2.6.jar
7f7c92777000-7f7c92788000 r-xp 00000000 08:03 10847                      /usr/lib/jvm/java-8-oracle/jre/lib/amd64/libnio.so
7f7c92788000-7f7c92987000 ---p 00011000 08:03 10847                      /usr/lib/jvm/java-8-oracle/jre/lib/amd64/libnio.so
7f7c92987000-7f7c92988000 rw-p 00010000 08:03 10847                      /usr/lib/jvm/java-8-oracle/jre/lib/amd64/libnio.so
7f7c92988000-7f7c9299e000 r-xp 00000000 08:03 10826                      /usr/lib/jvm/java-8-oracle/jre/lib/amd64/libnet.so
7f7c9299e000-7f7c92b9e000 ---p 00016000 08:03 10826                      /usr/lib/jvm/java-8-oracle/jre/lib/amd64/libnet.so
7f7c92b9e000-7f7c92b9f000 rw-p 00016000 08:03 10826                      /usr/lib/jvm/java-8-oracle/jre/lib/amd64/libnet.so
7f7c92b9f000-7f7c92d9f000 rw-p 00000000 00:00 0 
7f7c92d9f000-7f7c92da3000 r--s 00097000 08:03 11009                      /usr/lib/jvm/java-8-oracle/jre/lib/jsse.jar
7f7c92da3000-7f7c92fa3000 rw-p 00000000 00:00 0 
7f7c92fa3000-7f7c931a3000 rw-p 00000000 00:00 0 
7f7c931a3000-7f7c931ad000 r--s 00116000 08:03 11030                      /usr/lib/jvm/java-8-oracle/jre/lib/ext/localedata.jar
7f7c931ad000-7f7c931c9000 r--s 00393000 08:03 11024                      /usr/lib/jvm/java-8-oracle/jre/lib/ext/cldrdata.jar
7f7c931c9000-7f7c931ca000 r--s 00002000 08:03 1200330                    /opt/sts-bundle/sts-3.8.3.RELEASE/plugins/org.eclipse.m2e.maven.runtime.slf4j.simple_1.7.0.20160603-1931/jars/slf4j-simple-1.7.5.jar
7f7c931ca000-7f7c931cf000 r--s 00041000 08:03 1200347                    /opt/sts-bundle/sts-3.8.3.RELEASE/plugins/org.eclipse.m2e.maven.runtime_1.7.0.20160603-1931/jars/commons-lang-2.6.jar
7f7c931cf000-7f7c931d0000 r--s 00002000 08:03 1200375                    /opt/sts-bundle/sts-3.8.3.RELEASE/plugins/org.eclipse.m2e.maven.runtime_1.7.0.20160603-1931/jars/wagon-file-2.10.jar
7f7c931d0000-7f7c931d2000 r--s 00005000 08:03 1200343                    /opt/sts-bundle/sts-3.8.3.RELEASE/plugins/org.eclipse.m2e.maven.runtime_1.7.0.20160603-1931/jars/aether-transport-wagon-1.0.2.v20150114.jar
7f7c931d2000-7f7c931d3000 r--s 00008000 08:03 1200339                    /opt/sts-bundle/sts-3.8.3.RELEASE/plugins/org.eclipse.m2e.maven.runtime_1.7.0.20160603-1931/jars/aether-connector-basic-1.0.2.v20150114.jar
7f7c931d3000-7f7c931d5000 r--s 0000f000 08:03 1200365                    /opt/sts-bundle/sts-3.8.3.RELEASE/plugins/org.eclipse.m2e.maven.runtime_1.7.0.20160603-1931/jars/okio-1.6.0.jar
7f7c931d5000-7f7c931da000 r--s 00049000 08:03 1200364                    /opt/sts-bundle/sts-3.8.3.RELEASE/plugins/org.eclipse.m2e.maven.runtime_1.7.0.20160603-1931/jars/okhttp-2.5.0.jar
7f7c931da000-7f7c931dc000 r--s 0000b000 08:03 1200340                    /opt/sts-bundle/sts-3.8.3.RELEASE/plugins/org.eclipse.m2e.maven.runtime_1.7.0.20160603-1931/jars/aether-connector-okhttp-0.16.0.jar
7f7c931dc000-7f7c931de000 r--s 00006000 08:03 1200342                    /opt/sts-bundle/sts-3.8.3.RELEASE/plugins/org.eclipse.m2e.maven.runtime_1.7.0.20160603-1931/jars/aether-spi-1.0.2.v20150114.jar
7f7c931de000-7f7c931e2000 r--s 00027000 08:03 1200341                    /opt/sts-bundle/sts-3.8.3.RELEASE/plugins/org.eclipse.m2e.maven.runtime_1.7.0.20160603-1931/jars/aether-impl-1.0.2.v20150114.jar
7f7c931e2000-7f7c9320d000 r--s 001fc000 08:03 1200349                    /opt/sts-bundle/sts-3.8.3.RELEASE/plugins/org.eclipse.m2e.maven.runtime_1.7.0.20160603-1931/jars/guava-18.0.jar
7f7c9320d000-7f7c93215000 r--s 00055000 08:03 1200366                    /opt/sts-bundle/sts-3.8.3.RELEASE/plugins/org.eclipse.m2e.maven.runtime_1.7.0.20160603-1931/jars/org.eclipse.sisu.inject-0.3.2.jar
7f7c93215000-7f7c93216000 r--s 00001000 08:03 1200351                    /opt/sts-bundle/sts-3.8.3.RELEASE/plugins/org.eclipse.m2e.maven.runtime_1.7.0.20160603-1931/jars/jsr250-api-1.0.jar
7f7c93216000-7f7c93219000 r--s 00008000 08:03 1200345                    /opt/sts-bundle/sts-3.8.3.RELEASE/plugins/org.eclipse.m2e.maven.runtime_1.7.0.20160603-1931/jars/cdi-api-1.0.jar
7f7c93219000-7f7c9321f000 r--s 0002d000 08:03 1200367                    /opt/sts-bundle/sts-3.8.3.RELEASE/plugins/org.eclipse.m2e.maven.runtime_1.7.0.20160603-1931/jars/org.eclipse.sisu.plexus-0.3.2.jar
7f7c9321f000-7f7c93222000 r--s 0000b000 08:03 1200376                    /opt/sts-bundle/sts-3.8.3.RELEASE/plugins/org.eclipse.m2e.maven.runtime_1.7.0.20160603-1931/jars/wagon-provider-api-2.10.jar
7f7c93222000-7f7c93228000 r--s 00041000 08:03 1200355                    /opt/sts-bundle/sts-3.8.3.RELEASE/plugins/org.eclipse.m2e.maven.runtime_1.7.0.20160603-1931/jars/maven-compat-3.3.9.jar
7f7c93228000-7f7c9322a000 r--s 00009000 08:03 1200346                    /opt/sts-bundle/sts-3.8.3.RELEASE/plugins/org.eclipse.m2e.maven.runtime_1.7.0.20160603-1931/jars/commons-cli-1.2.jar
7f7c9322a000-7f7c9322b000 ---p 00000000 00:00 0 
7f7c9322b000-7f7c9332b000 rw-p 00000000 00:00 0                          [stack:18379]
7f7c9332b000-7f7c9332e000 ---p 00000000 00:00 0 
7f7c9332e000-7f7c9342c000 rw-p 00000000 00:00 0                          [stack:18378]
7f7c9342c000-7f7c9342f000 ---p 00000000 00:00 0 
7f7c9342f000-7f7c9352d000 rw-p 00000000 00:00 0                          [stack:18377]
7f7c9352d000-7f7c93530000 ---p 00000000 00:00 0 
7f7c93530000-7f7c9362e000 rw-p 00000000 00:00 0                          [stack:18376]
7f7c9362e000-7f7c93631000 ---p 00000000 00:00 0 
7f7c93631000-7f7c9372f000 rw-p 00000000 00:00 0                          [stack:18375]
7f7c9372f000-7f7c93732000 ---p 00000000 00:00 0 
7f7c93732000-7f7c93830000 rw-p 00000000 00:00 0                          [stack:18374]
7f7c93830000-7f7c93afb000 r--p 00000000 08:03 2886170                    /usr/lib/locale/locale-archive
7f7c93afb000-7f7c93afe000 ---p 00000000 00:00 0 
7f7c93afe000-7f7c93bfc000 rw-p 00000000 00:00 0                          [stack:18373]
7f7c93bfc000-7f7c93bff000 ---p 00000000 00:00 0 
7f7c93bff000-7f7c93cfd000 rw-p 00000000 00:00 0                          [stack:18372]
7f7c93cfd000-7f7c93cfe000 ---p 00000000 00:00 0 
7f7c93cfe000-7f7c94000000 rw-p 00000000 00:00 0                          [stack:18371]
7f7c94000000-7f7c94021000 rw-p 00000000 00:00 0 
7f7c94021000-7f7c98000000 ---p 00000000 00:00 0 
7f7c98000000-7f7c98003000 r--s 00013000 08:03 1200357                    /opt/sts-bundle/sts-3.8.3.RELEASE/plugins/org.eclipse.m2e.maven.runtime_1.7.0.20160603-1931/jars/maven-embedder-3.3.9.jar
7f7c98003000-7f7c9c000000 rw-p 00000000 00:00 0 
7f7c9c000000-7f7c9c021000 rw-p 00000000 00:00 0 
7f7c9c021000-7f7ca0000000 ---p 00000000 00:00 0 
7f7ca0000000-7f7ca0021000 rw-p 00000000 00:00 0 
7f7ca0021000-7f7ca4000000 ---p 00000000 00:00 0 
7f7ca4000000-7f7ca4021000 rw-p 00000000 00:00 0 
7f7ca4021000-7f7ca8000000 ---p 00000000 00:00 0 
7f7ca8000000-7f7ca8002000 r--s 00002000 08:03 1200369                    /opt/sts-bundle/sts-3.8.3.RELEASE/plugins/org.eclipse.m2e.maven.runtime_1.7.0.20160603-1931/jars/plexus-cipher-1.7.jar
7f7ca8002000-7f7ca8009000 r--s 00064000 08:03 1200348                    /opt/sts-bundle/sts-3.8.3.RELEASE/plugins/org.eclipse.m2e.maven.runtime_1.7.0.20160603-1931/jars/commons-lang3-3.4.jar
7f7ca8009000-7f7ca800d000 r--s 00038000 08:03 1200374                    /opt/sts-bundle/sts-3.8.3.RELEASE/plugins/org.eclipse.m2e.maven.runtime_1.7.0.20160603-1931/jars/plexus-utils-3.0.22.jar
7f7ca800d000-7f7ca8010000 r--s 0000d000 08:03 1200372                    /opt/sts-bundle/sts-3.8.3.RELEASE/plugins/org.eclipse.m2e.maven.runtime_1.7.0.20160603-1931/jars/plexus-interpolation-1.21.jar
7f7ca8010000-7f7ca8019000 r--s 0005f000 08:03 1200350                    /opt/sts-bundle/sts-3.8.3.RELEASE/plugins/org.eclipse.m2e.maven.runtime_1.7.0.20160603-1931/jars/guice-4.0-no_aop.jar
7f7ca8019000-7f7ca838c000 rw-p 00000000 00:00 0 
7f7ca838c000-7f7ca8564000 r--s 03d1e000 08:03 10946                      /usr/lib/jvm/java-8-oracle/jre/lib/rt.jar
7f7ca8564000-7f7ca883d000 rw-p 00000000 00:00 0 
7f7ca883d000-7f7ca883e000 ---p 00000000 00:00 0 
7f7ca883e000-7f7ca893e000 rw-p 00000000 00:00 0                          [stack:18370]
7f7ca893e000-7f7ca893f000 ---p 00000000 00:00 0 
7f7ca893f000-7f7ca8a3f000 rw-p 00000000 00:00 0                          [stack:18369]
7f7ca8a3f000-7f7ca8a40000 ---p 00000000 00:00 0 
7f7ca8a40000-7f7ca8b60000 rw-p 00000000 00:00 0                          [stack:18368]
7f7ca8b60000-7f7ca8d26000 ---p 00000000 00:00 0 
7f7ca8d26000-7f7ca8d46000 rw-p 00000000 00:00 0 
7f7ca8d46000-7f7ca8f0c000 ---p 00000000 00:00 0 
7f7ca8f0c000-7f7ca8f77000 rw-p 00000000 00:00 0 
7f7ca8f77000-7f7ca8fff000 ---p 00000000 00:00 0 
7f7ca8fff000-7f7ca9000000 rw-p 00000000 00:00 0 
7f7ca9000000-7f7caa250000 rwxp 00000000 00:00 0 
7f7caa250000-7f7cb8000000 ---p 00000000 00:00 0 
7f7cb8000000-7f7cb8e35000 rw-p 00000000 00:00 0 
7f7cb8e35000-7f7cbc000000 ---p 00000000 00:00 0 
7f7cbc000000-7f7cbc001000 r--s 00006000 08:03 1200373                    /opt/sts-bundle/sts-3.8.3.RELEASE/plugins/org.eclipse.m2e.maven.runtime_1.7.0.20160603-1931/jars/plexus-sec-dispatcher-1.3.jar
7f7cbc001000-7f7cbc077000 rw-p 00000000 00:00 0 
7f7cbc077000-7f7cbc078000 ---p 00000000 00:00 0 
7f7cbc078000-7f7cbc1c2000 rw-p 00000000 00:00 0                          [stack:18367]
7f7cbc1c2000-7f7cbc538000 ---p 00000000 00:00 0 
7f7cbc538000-7f7cbc552000 r-xp 00000000 08:03 10827                      /usr/lib/jvm/java-8-oracle/jre/lib/amd64/libzip.so
7f7cbc552000-7f7cbc752000 ---p 0001a000 08:03 10827                      /usr/lib/jvm/java-8-oracle/jre/lib/amd64/libzip.so
7f7cbc752000-7f7cbc753000 rw-p 0001a000 08:03 10827                      /usr/lib/jvm/java-8-oracle/jre/lib/amd64/libzip.so
7f7cbc753000-7f7cbc75e000 r-xp 00000000 08:03 4465580                    /lib/x86_64-linux-gnu/libnss_files-2.19.so
7f7cbc75e000-7f7cbc95d000 ---p 0000b000 08:03 4465580                    /lib/x86_64-linux-gnu/libnss_files-2.19.so
7f7cbc95d000-7f7cbc95e000 r--p 0000a000 08:03 4465580                    /lib/x86_64-linux-gnu/libnss_files-2.19.so
7f7cbc95e000-7f7cbc95f000 rw-p 0000b000 08:03 4465580                    /lib/x86_64-linux-gnu/libnss_files-2.19.so
7f7cbc95f000-7f7cbc96a000 r-xp 00000000 08:03 4465577                    /lib/x86_64-linux-gnu/libnss_nis-2.19.so
7f7cbc96a000-7f7cbcb69000 ---p 0000b000 08:03 4465577                    /lib/x86_64-linux-gnu/libnss_nis-2.19.so
7f7cbcb69000-7f7cbcb6a000 r--p 0000a000 08:03 4465577                    /lib/x86_64-linux-gnu/libnss_nis-2.19.so
7f7cbcb6a000-7f7cbcb6b000 rw-p 0000b000 08:03 4465577                    /lib/x86_64-linux-gnu/libnss_nis-2.19.so
7f7cbcb6b000-7f7cbcb82000 r-xp 00000000 08:03 4465570                    /lib/x86_64-linux-gnu/libnsl-2.19.so
7f7cbcb82000-7f7cbcd81000 ---p 00017000 08:03 4465570                    /lib/x86_64-linux-gnu/libnsl-2.19.so
7f7cbcd81000-7f7cbcd82000 r--p 00016000 08:03 4465570                    /lib/x86_64-linux-gnu/libnsl-2.19.so
7f7cbcd82000-7f7cbcd83000 rw-p 00017000 08:03 4465570                    /lib/x86_64-linux-gnu/libnsl-2.19.so
7f7cbcd83000-7f7cbcd85000 rw-p 00000000 00:00 0 
7f7cbcd85000-7f7cbcd8e000 r-xp 00000000 08:03 4465566                    /lib/x86_64-linux-gnu/libnss_compat-2.19.so
7f7cbcd8e000-7f7cbcf8d000 ---p 00009000 08:03 4465566                    /lib/x86_64-linux-gnu/libnss_compat-2.19.so
7f7cbcf8d000-7f7cbcf8e000 r--p 00008000 08:03 4465566                    /lib/x86_64-linux-gnu/libnss_compat-2.19.so
7f7cbcf8e000-7f7cbcf8f000 rw-p 00009000 08:03 4465566                    /lib/x86_64-linux-gnu/libnss_compat-2.19.so
7f7cbcf8f000-7f7cbcfb9000 r-xp 00000000 08:03 10800                      /usr/lib/jvm/java-8-oracle/jre/lib/amd64/libjava.so
7f7cbcfb9000-7f7cbd1b9000 ---p 0002a000 08:03 10800                      /usr/lib/jvm/java-8-oracle/jre/lib/amd64/libjava.so
7f7cbd1b9000-7f7cbd1bb000 rw-p 0002a000 08:03 10800                      /usr/lib/jvm/java-8-oracle/jre/lib/amd64/libjava.so
7f7cbd1bb000-7f7cbd1c8000 r-xp 00000000 08:03 10817                      /usr/lib/jvm/java-8-oracle/jre/lib/amd64/libverify.so
7f7cbd1c8000-7f7cbd3c8000 ---p 0000d000 08:03 10817                      /usr/lib/jvm/java-8-oracle/jre/lib/amd64/libverify.so
7f7cbd3c8000-7f7cbd3ca000 rw-p 0000d000 08:03 10817                      /usr/lib/jvm/java-8-oracle/jre/lib/amd64/libverify.so
7f7cbd3ca000-7f7cbd3d1000 r-xp 00000000 08:03 4465561                    /lib/x86_64-linux-gnu/librt-2.19.so
7f7cbd3d1000-7f7cbd5d0000 ---p 00007000 08:03 4465561                    /lib/x86_64-linux-gnu/librt-2.19.so
7f7cbd5d0000-7f7cbd5d1000 r--p 00006000 08:03 4465561                    /lib/x86_64-linux-gnu/librt-2.19.so
7f7cbd5d1000-7f7cbd5d2000 rw-p 00007000 08:03 4465561                    /lib/x86_64-linux-gnu/librt-2.19.so
7f7cbd5d2000-7f7cbd6d7000 r-xp 00000000 08:03 4465569                    /lib/x86_64-linux-gnu/libm-2.19.so
7f7cbd6d7000-7f7cbd8d6000 ---p 00105000 08:03 4465569                    /lib/x86_64-linux-gnu/libm-2.19.so
7f7cbd8d6000-7f7cbd8d7000 r--p 00104000 08:03 4465569                    /lib/x86_64-linux-gnu/libm-2.19.so
7f7cbd8d7000-7f7cbd8d8000 rw-p 00105000 08:03 4465569                    /lib/x86_64-linux-gnu/libm-2.19.so
7f7cbd8d8000-7f7cbe597000 r-xp 00000000 08:03 10808                      /usr/lib/jvm/java-8-oracle/jre/lib/amd64/server/libjvm.so
7f7cbe597000-7f7cbe796000 ---p 00cbf000 08:03 10808                      /usr/lib/jvm/java-8-oracle/jre/lib/amd64/server/libjvm.so
7f7cbe796000-7f7cbe86f000 rw-p 00cbe000 08:03 10808                      /usr/lib/jvm/java-8-oracle/jre/lib/amd64/server/libjvm.so
7f7cbe86f000-7f7cbe8b8000 rw-p 00000000 00:00 0 
7f7cbe8b8000-7f7cbea73000 r-xp 00000000 08:03 4465560                    /lib/x86_64-linux-gnu/libc-2.19.so
7f7cbea73000-7f7cbec73000 ---p 001bb000 08:03 4465560                    /lib/x86_64-linux-gnu/libc-2.19.so
7f7cbec73000-7f7cbec77000 r--p 001bb000 08:03 4465560                    /lib/x86_64-linux-gnu/libc-2.19.so
7f7cbec77000-7f7cbec79000 rw-p 001bf000 08:03 4465560                    /lib/x86_64-linux-gnu/libc-2.19.so
7f7cbec79000-7f7cbec7e000 rw-p 00000000 00:00 0 
7f7cbec7e000-7f7cbec81000 r-xp 00000000 08:03 4465564                    /lib/x86_64-linux-gnu/libdl-2.19.so
7f7cbec81000-7f7cbee80000 ---p 00003000 08:03 4465564                    /lib/x86_64-linux-gnu/libdl-2.19.so
7f7cbee80000-7f7cbee81000 r--p 00002000 08:03 4465564                    /lib/x86_64-linux-gnu/libdl-2.19.so
7f7cbee81000-7f7cbee82000 rw-p 00003000 08:03 4465564                    /lib/x86_64-linux-gnu/libdl-2.19.so
7f7cbee82000-7f7cbee97000 r-xp 00000000 08:03 3542771                    /usr/lib/jvm/java-8-oracle/lib/amd64/jli/libjli.so
7f7cbee97000-7f7cbf097000 ---p 00015000 08:03 3542771                    /usr/lib/jvm/java-8-oracle/lib/amd64/jli/libjli.so
7f7cbf097000-7f7cbf098000 rw-p 00015000 08:03 3542771                    /usr/lib/jvm/java-8-oracle/lib/amd64/jli/libjli.so
7f7cbf098000-7f7cbf0b1000 r-xp 00000000 08:03 4465579                    /lib/x86_64-linux-gnu/libpthread-2.19.so
7f7cbf0b1000-7f7cbf2b0000 ---p 00019000 08:03 4465579                    /lib/x86_64-linux-gnu/libpthread-2.19.so
7f7cbf2b0000-7f7cbf2b1000 r--p 00018000 08:03 4465579                    /lib/x86_64-linux-gnu/libpthread-2.19.so
7f7cbf2b1000-7f7cbf2b2000 rw-p 00019000 08:03 4465579                    /lib/x86_64-linux-gnu/libpthread-2.19.so
7f7cbf2b2000-7f7cbf2b6000 rw-p 00000000 00:00 0 
7f7cbf2b6000-7f7cbf2d9000 r-xp 00000000 08:03 4465557                    /lib/x86_64-linux-gnu/ld-2.19.so
7f7cbf2d9000-7f7cbf2db000 r--s 00000000 08:03 1200371                    /opt/sts-bundle/sts-3.8.3.RELEASE/plugins/org.eclipse.m2e.maven.runtime_1.7.0.20160603-1931/jars/plexus-component-annotations-1.6.jar
7f7cbf2db000-7f7cbf2df000 r--s 00020000 08:03 1200344                    /opt/sts-bundle/sts-3.8.3.RELEASE/plugins/org.eclipse.m2e.maven.runtime_1.7.0.20160603-1931/jars/aether-util-1.0.2.v20150114.jar
7f7cbf2df000-7f7cbf2e4000 r--s 0001d000 08:03 1200338                    /opt/sts-bundle/sts-3.8.3.RELEASE/plugins/org.eclipse.m2e.maven.runtime_1.7.0.20160603-1931/jars/aether-api-1.0.2.v20150114.jar
7f7cbf2e4000-7f7cbf2e6000 r--s 0000f000 08:03 1200352                    /opt/sts-bundle/sts-3.8.3.RELEASE/plugins/org.eclipse.m2e.maven.runtime_1.7.0.20160603-1931/jars/maven-aether-provider-3.3.9.jar
7f7cbf2e6000-7f7cbf2eb000 r--s 00027000 08:03 1200359                    /opt/sts-bundle/sts-3.8.3.RELEASE/plugins/org.eclipse.m2e.maven.runtime_1.7.0.20160603-1931/jars/maven-model-builder-3.3.9.jar
7f7cbf2eb000-7f7cbf2ed000 r--s 0000a000 08:03 1200360                    /opt/sts-bundle/sts-3.8.3.RELEASE/plugins/org.eclipse.m2e.maven.runtime_1.7.0.20160603-1931/jars/maven-plugin-api-3.3.9.jar
7f7cbf2ed000-7f7cbf3ae000 rw-p 00000000 00:00 0 
7f7cbf3ae000-7f7cbf3b1000 ---p 00000000 00:00 0 
7f7cbf3b1000-7f7cbf4b3000 rw-p 00000000 00:00 0                          [stack:18363]
7f7cbf4b3000-7f7cbf4b5000 r--s 0000c000 08:03 1200353                    /opt/sts-bundle/sts-3.8.3.RELEASE/plugins/org.eclipse.m2e.maven.runtime_1.7.0.20160603-1931/jars/maven-artifact-3.3.9.jar
7f7cbf4b5000-7f7cbf4b6000 r--s 00006000 08:03 1200361                    /opt/sts-bundle/sts-3.8.3.RELEASE/plugins/org.eclipse.m2e.maven.runtime_1.7.0.20160603-1931/jars/maven-repository-metadata-3.3.9.jar
7f7cbf4b6000-7f7cbf4b7000 r--s 00003000 08:03 1200354                    /opt/sts-bundle/sts-3.8.3.RELEASE/plugins/org.eclipse.m2e.maven.runtime_1.7.0.20160603-1931/jars/maven-builder-support-3.3.9.jar
7f7cbf4b7000-7f7cbf4b9000 r--s 00009000 08:03 1200363                    /opt/sts-bundle/sts-3.8.3.RELEASE/plugins/org.eclipse.m2e.maven.runtime_1.7.0.20160603-1931/jars/maven-settings-builder-3.3.9.jar
7f7cbf4b9000-7f7cbf4ba000 r--s 0000a000 08:03 1200362                    /opt/sts-bundle/sts-3.8.3.RELEASE/plugins/org.eclipse.m2e.maven.runtime_1.7.0.20160603-1931/jars/maven-settings-3.3.9.jar
7f7cbf4ba000-7f7cbf4bd000 r--s 00026000 08:03 1200358                    /opt/sts-bundle/sts-3.8.3.RELEASE/plugins/org.eclipse.m2e.maven.runtime_1.7.0.20160603-1931/jars/maven-model-3.3.9.jar
7f7cbf4bd000-7f7cbf4ca000 r--s 0008f000 08:03 1200356                    /opt/sts-bundle/sts-3.8.3.RELEASE/plugins/org.eclipse.m2e.maven.runtime_1.7.0.20160603-1931/jars/maven-core-3.3.9.jar
7f7cbf4ca000-7f7cbf4cc000 r--s 0000b000 08:03 1200370                    /opt/sts-bundle/sts-3.8.3.RELEASE/plugins/org.eclipse.m2e.maven.runtime_1.7.0.20160603-1931/jars/plexus-classworlds-2.5.2.jar
7f7cbf4cc000-7f7cbf4d4000 rw-s 00000000 08:03 1452030                    /tmp/hsperfdata_geovane/18361
7f7cbf4d4000-7f7cbf4d5000 rw-p 00000000 00:00 0 
7f7cbf4d5000-7f7cbf4d6000 ---p 00000000 00:00 0 
7f7cbf4d6000-7f7cbf4d8000 rw-p 00000000 00:00 0 
7f7cbf4d8000-7f7cbf4d9000 r--p 00022000 08:03 4465557                    /lib/x86_64-linux-gnu/ld-2.19.so
7f7cbf4d9000-7f7cbf4da000 rw-p 00023000 08:03 4465557                    /lib/x86_64-linux-gnu/ld-2.19.so
7f7cbf4da000-7f7cbf4db000 rw-p 00000000 00:00 0 
7fffb0774000-7fffb0795000 rw-p 00000000 00:00 0                          [stack]
7fffb07fe000-7fffb0800000 r-xp 00000000 00:00 0                          [vdso]
ffffffffff600000-ffffffffff601000 r-xp 00000000 00:00 0                  [vsyscall]

VM Arguments:
jvm_args: -Dmaven.home=EMBEDDED -Dclassworlds.conf=/home/geovane/Documents/workspace-sts-3.8.3.RELEASE/.metadata/.plugins/org.eclipse.m2e.launching/launches/m2conf3259043573875854105.tmp -Dmaven.multiModuleProjectDirectory=/home/geovane/Documents/workspace-sts-3.8.3.RELEASE/acaipde-springboot -Dfile.encoding=UTF-8 
java_command: org.codehaus.plexus.classworlds.launcher.Launcher -B install
java_class_path (initial): /opt/sts-bundle/sts-3.8.3.RELEASE/plugins/org.eclipse.m2e.maven.runtime_1.7.0.20160603-1931/jars/plexus-classworlds-2.5.2.jar
Launcher Type: SUN_STANDARD

Environment Variables:
PATH=/home/geovane/bin:/usr/local/sbin:/usr/local/bin:/usr/sbin:/usr/bin:/sbin:/bin:/usr/games:/usr/local/games
SHELL=/bin/bash
DISPLAY=:0

Signal Handlers:
SIGSEGV: [libjvm.so+0xabb070], sa_mask[0]=11111111011111111101111111111110, sa_flags=SA_RESTART|SA_SIGINFO
SIGBUS: [libjvm.so+0xabb070], sa_mask[0]=11111111011111111101111111111110, sa_flags=SA_RESTART|SA_SIGINFO
SIGFPE: [libjvm.so+0x918480], sa_mask[0]=11111111011111111101111111111110, sa_flags=SA_RESTART|SA_SIGINFO
SIGPIPE: [libjvm.so+0x918480], sa_mask[0]=11111111011111111101111111111110, sa_flags=SA_RESTART|SA_SIGINFO
SIGXFSZ: [libjvm.so+0x918480], sa_mask[0]=11111111011111111101111111111110, sa_flags=SA_RESTART|SA_SIGINFO
SIGILL: [libjvm.so+0x918480], sa_mask[0]=11111111011111111101111111111110, sa_flags=SA_RESTART|SA_SIGINFO
SIGUSR1: SIG_DFL, sa_mask[0]=00000000000000000000000000000000, sa_flags=none
SIGUSR2: [libjvm.so+0x919ab0], sa_mask[0]=00100000000000000000000000000000, sa_flags=SA_RESTART|SA_SIGINFO
SIGHUP: [libjvm.so+0x91aeb0], sa_mask[0]=11111111011111111101111111111110, sa_flags=SA_RESTART|SA_SIGINFO
SIGINT: [libjvm.so+0x91aeb0], sa_mask[0]=11111111011111111101111111111110, sa_flags=SA_RESTART|SA_SIGINFO
SIGTERM: [libjvm.so+0x91aeb0], sa_mask[0]=11111111011111111101111111111110, sa_flags=SA_RESTART|SA_SIGINFO
SIGQUIT: [libjvm.so+0x91aeb0], sa_mask[0]=11111111011111111101111111111110, sa_flags=SA_RESTART|SA_SIGINFO


---------------  S Y S T E M  ---------------

OS:DISTRIB_ID=Ubuntu
DISTRIB_RELEASE=14.04
DISTRIB_CODENAME=trusty
DISTRIB_DESCRIPTION="Ubuntu 14.04.1 LTS"

uname:Linux 3.13.0-45-generic #74-Ubuntu SMP Tue Jan 13 19:36:28 UTC 2015 x86_64
libc:glibc 2.19 NPTL 2.19 
rlimit: STACK 8192k, CORE 0k, NPROC 46479, NOFILE 4096, AS infinity
load average:2,50 1,90 1,44

/proc/meminfo:
MemTotal:        5970940 kB
MemFree:          110892 kB
Buffers:            2612 kB
Cached:           469828 kB
SwapCached:            0 kB
Active:          5191208 kB
Inactive:         414660 kB
Active(anon):    5135736 kB
Inactive(anon):   363120 kB
Active(file):      55472 kB
Inactive(file):    51540 kB
Unevictable:         164 kB
Mlocked:             164 kB
SwapTotal:             0 kB
SwapFree:              0 kB
Dirty:              5332 kB
Writeback:             0 kB
AnonPages:       5133864 kB
Mapped:           448432 kB
Shmem:            365312 kB
Slab:              82676 kB
SReclaimable:      36404 kB
SUnreclaim:        46272 kB
KernelStack:        6616 kB
PageTables:        71388 kB
NFS_Unstable:          0 kB
Bounce:                0 kB
WritebackTmp:          0 kB
CommitLimit:     2985468 kB
Committed_AS:   12897592 kB
VmallocTotal:   34359738367 kB
VmallocUsed:      137988 kB
VmallocChunk:   34359587536 kB
HardwareCorrupted:     0 kB
AnonHugePages:   1902592 kB
HugePages_Total:       0
HugePages_Free:        0
HugePages_Rsvd:        0
HugePages_Surp:        0
Hugepagesize:       2048 kB
DirectMap4k:       63744 kB
DirectMap2M:     6086656 kB


CPU:total 4 (2 cores per cpu, 2 threads per core) family 6 model 37 stepping 5, cmov, cx8, fxsr, mmx, sse, sse2, sse3, ssse3, sse4.1, sse4.2, popcnt, ht, tsc, tscinvbit

/proc/cpuinfo:
processor	: 0
vendor_id	: GenuineIntel
cpu family	: 6
model		: 37
model name	: Intel(R) Core(TM) i5 CPU       M 480  @ 2.67GHz
stepping	: 5
microcode	: 0x2
cpu MHz		: 2666.000
cache size	: 3072 KB
physical id	: 0
siblings	: 4
core id		: 0
cpu cores	: 2
apicid		: 0
initial apicid	: 0
fpu		: yes
fpu_exception	: yes
cpuid level	: 11
wp		: yes
flags		: fpu vme de pse tsc msr pae mce cx8 apic sep mtrr pge mca cmov pat pse36 clflush dts acpi mmx fxsr sse sse2 ss ht tm pbe syscall nx rdtscp lm constant_tsc arch_perfmon pebs bts rep_good nopl xtopology nonstop_tsc aperfmperf pni dtes64 monitor ds_cpl vmx est tm2 ssse3 cx16 xtpr pdcm pcid sse4_1 sse4_2 popcnt lahf_lm ida arat dtherm tpr_shadow vnmi flexpriority ept vpid
bogomips	: 5320.47
clflush size	: 64
cache_alignment	: 64
address sizes	: 36 bits physical, 48 bits virtual
power management:

processor	: 1
vendor_id	: GenuineIntel
cpu family	: 6
model		: 37
model name	: Intel(R) Core(TM) i5 CPU       M 480  @ 2.67GHz
stepping	: 5
microcode	: 0x2
cpu MHz		: 1199.000
cache size	: 3072 KB
physical id	: 0
siblings	: 4
core id		: 0
cpu cores	: 2
apicid		: 1
initial apicid	: 1
fpu		: yes
fpu_exception	: yes
cpuid level	: 11
wp		: yes
flags		: fpu vme de pse tsc msr pae mce cx8 apic sep mtrr pge mca cmov pat pse36 clflush dts acpi mmx fxsr sse sse2 ss ht tm pbe syscall nx rdtscp lm constant_tsc arch_perfmon pebs bts rep_good nopl xtopology nonstop_tsc aperfmperf pni dtes64 monitor ds_cpl vmx est tm2 ssse3 cx16 xtpr pdcm pcid sse4_1 sse4_2 popcnt lahf_lm ida arat dtherm tpr_shadow vnmi flexpriority ept vpid
bogomips	: 5320.47
clflush size	: 64
cache_alignment	: 64
address sizes	: 36 bits physical, 48 bits virtual
power management:

processor	: 2
vendor_id	: GenuineIntel
cpu family	: 6
model		: 37
model name	: Intel(R) Core(TM) i5 CPU       M 480  @ 2.67GHz
stepping	: 5
microcode	: 0x2
cpu MHz		: 2666.000
cache size	: 3072 KB
physical id	: 0
siblings	: 4
core id		: 2
cpu cores	: 2
apicid		: 4
initial apicid	: 4
fpu		: yes
fpu_exception	: yes
cpuid level	: 11
wp		: yes
flags		: fpu vme de pse tsc msr pae mce cx8 apic sep mtrr pge mca cmov pat pse36 clflush dts acpi mmx fxsr sse sse2 ss ht tm pbe syscall nx rdtscp lm constant_tsc arch_perfmon pebs bts rep_good nopl xtopology nonstop_tsc aperfmperf pni dtes64 monitor ds_cpl vmx est tm2 ssse3 cx16 xtpr pdcm pcid sse4_1 sse4_2 popcnt lahf_lm ida arat dtherm tpr_shadow vnmi flexpriority ept vpid
bogomips	: 5320.47
clflush size	: 64
cache_alignment	: 64
address sizes	: 36 bits physical, 48 bits virtual
power management:

processor	: 3
vendor_id	: GenuineIntel
cpu family	: 6
model		: 37
model name	: Intel(R) Core(TM) i5 CPU       M 480  @ 2.67GHz
stepping	: 5
microcode	: 0x2
cpu MHz		: 1199.000
cache size	: 3072 KB
physical id	: 0
siblings	: 4
core id		: 2
cpu cores	: 2
apicid		: 5
initial apicid	: 5
fpu		: yes
fpu_exception	: yes
cpuid level	: 11
wp		: yes
flags		: fpu vme de pse tsc msr pae mce cx8 apic sep mtrr pge mca cmov pat pse36 clflush dts acpi mmx fxsr sse sse2 ss ht tm pbe syscall nx rdtscp lm constant_tsc arch_perfmon pebs bts rep_good nopl xtopology nonstop_tsc aperfmperf pni dtes64 monitor ds_cpl vmx est tm2 ssse3 cx16 xtpr pdcm pcid sse4_1 sse4_2 popcnt lahf_lm ida arat dtherm tpr_shadow vnmi flexpriority ept vpid
bogomips	: 5320.47
clflush size	: 64
cache_alignment	: 64
address sizes	: 36 bits physical, 48 bits virtual
power management:



Memory: 4k page, physical 5970940k(110892k free), swap 0k(0k free)

vm_info: Java HotSpot(TM) 64-Bit Server VM (25.77-b03) for linux-amd64 JRE (1.8.0_77-b03), built on Mar 20 2016 22:00:46 by "java_re" with gcc 4.3.0 20080428 (Red Hat 4.3.0-8)

time: Wed Mar 22 18:05:41 2017
elapsed time: 19 seconds (0d 0h 0m 19s)

